c:\users\bkooi\google drive\osu\osu_bscs\cs162\visual_studio\group\group\debug\vc140.pdb
c:\users\bkooi\google drive\osu\osu_bscs\cs162\visual_studio\group\group\debug\vc140.idb
c:\users\bkooi\google drive\osu\osu_bscs\cs162\visual_studio\group\group\debug\douglbre_util.obj
c:\users\bkooi\google drive\osu\osu_bscs\cs162\visual_studio\group\group\debug\inputverification.obj
c:\users\bkooi\google drive\osu\osu_bscs\cs162\visual_studio\group\group\debug\paper.obj
c:\users\bkooi\google drive\osu\osu_bscs\cs162\visual_studio\group\group\debug\play_game.obj
c:\users\bkooi\google drive\osu\osu_bscs\cs162\visual_studio\group\group\debug\rock.obj
c:\users\bkooi\google drive\osu\osu_bscs\cs162\visual_studio\group\group\debug\rpsgame.obj
c:\users\bkooi\google drive\osu\osu_bscs\cs162\visual_studio\group\group\debug\scissors.obj
c:\users\bkooi\google drive\osu\osu_bscs\cs162\visual_studio\group\group\debug\tool.obj
c:\users\bkooi\google drive\osu\osu_bscs\cs162\visual_studio\group\group\debug\usermenu.obj
c:\users\bkooi\google drive\osu\osu_bscs\cs162\visual_studio\group\debug\group.ilk
c:\users\bkooi\google drive\osu\osu_bscs\cs162\visual_studio\group\debug\group.exe
c:\users\bkooi\google drive\osu\osu_bscs\cs162\visual_studio\group\debug\group.pdb
c:\users\bkooi\google drive\osu\osu_bscs\cs162\visual_studio\group\group\debug\inputverification.obj.enc
c:\users\bkooi\google drive\osu\osu_bscs\cs162\visual_studio\group\group\debug\play_game.obj.enc
c:\users\bkooi\google drive\osu\osu_bscs\cs162\visual_studio\group\group\debug\rpsgame.obj.enc
c:\users\bkooi\google drive\osu\osu_bscs\cs162\visual_studio\group\group\debug\group.tlog\cl.command.1.tlog
c:\users\bkooi\google drive\osu\osu_bscs\cs162\visual_studio\group\group\debug\group.tlog\cl.read.1.tlog
c:\users\bkooi\google drive\osu\osu_bscs\cs162\visual_studio\group\group\debug\group.tlog\cl.write.1.tlog
c:\users\bkooi\google drive\osu\osu_bscs\cs162\visual_studio\group\group\debug\group.tlog\link.command.1.tlog
c:\users\bkooi\google drive\osu\osu_bscs\cs162\visual_studio\group\group\debug\group.tlog\link.read.1.tlog
c:\users\bkooi\google drive\osu\osu_bscs\cs162\visual_studio\group\group\debug\group.tlog\link.write.1.tlog
