c:\users\bkooi\google drive\osu\osu_bscs\cs162\visual_studio\project3\project3\debug\vc140.pdb
c:\users\bkooi\google drive\osu\osu_bscs\cs162\visual_studio\project3\project3\debug\vc140.idb
c:\users\bkooi\google drive\osu\osu_bscs\cs162\visual_studio\project3\project3\debug\barbarian.obj
c:\users\bkooi\google drive\osu\osu_bscs\cs162\visual_studio\project3\project3\debug\bluemen.obj
c:\users\bkooi\google drive\osu\osu_bscs\cs162\visual_studio\project3\project3\debug\creature.obj
c:\users\bkooi\google drive\osu\osu_bscs\cs162\visual_studio\project3\project3\debug\harrypotter.obj
c:\users\bkooi\google drive\osu\osu_bscs\cs162\visual_studio\project3\project3\debug\combatgame.obj
c:\users\bkooi\google drive\osu\osu_bscs\cs162\visual_studio\project3\project3\debug\inputverification.obj
c:\users\bkooi\google drive\osu\osu_bscs\cs162\visual_studio\project3\project3\debug\medusa.obj
c:\users\bkooi\google drive\osu\osu_bscs\cs162\visual_studio\project3\project3\debug\usermenu.obj
c:\users\bkooi\google drive\osu\osu_bscs\cs162\visual_studio\project3\project3\debug\vampire.obj
c:\users\bkooi\google drive\osu\osu_bscs\cs162\visual_studio\project3\debug\project3.ilk
c:\users\bkooi\google drive\osu\osu_bscs\cs162\visual_studio\project3\debug\project3.exe
c:\users\bkooi\google drive\osu\osu_bscs\cs162\visual_studio\project3\debug\project3.pdb
c:\users\bkooi\google drive\osu\osu_bscs\cs162\visual_studio\project3\project3\debug\project3.tlog\cl.command.1.tlog
c:\users\bkooi\google drive\osu\osu_bscs\cs162\visual_studio\project3\project3\debug\project3.tlog\cl.read.1.tlog
c:\users\bkooi\google drive\osu\osu_bscs\cs162\visual_studio\project3\project3\debug\project3.tlog\cl.write.1.tlog
c:\users\bkooi\google drive\osu\osu_bscs\cs162\visual_studio\project3\project3\debug\project3.tlog\link.command.1.tlog
c:\users\bkooi\google drive\osu\osu_bscs\cs162\visual_studio\project3\project3\debug\project3.tlog\link.read.1.tlog
c:\users\bkooi\google drive\osu\osu_bscs\cs162\visual_studio\project3\project3\debug\project3.tlog\link.write.1.tlog
