c:\users\bkooi\google drive\osu\cs162\visual_studio\consoleapplication2\consoleapplication2\debug\vc140.pdb
c:\users\bkooi\google drive\osu\cs162\visual_studio\consoleapplication2\consoleapplication2\debug\vc140.idb
c:\users\bkooi\google drive\osu\cs162\visual_studio\consoleapplication2\consoleapplication2\debug\customer.obj
c:\users\bkooi\google drive\osu\cs162\visual_studio\consoleapplication2\consoleapplication2\debug\determinant.obj
c:\users\bkooi\google drive\osu\cs162\visual_studio\consoleapplication2\consoleapplication2\debug\inputverification.obj
c:\users\bkooi\google drive\osu\cs162\visual_studio\consoleapplication2\consoleapplication2\debug\langtonant.obj
c:\users\bkooi\google drive\osu\cs162\visual_studio\consoleapplication2\consoleapplication2\debug\langtonboard.obj
c:\users\bkooi\google drive\osu\cs162\visual_studio\consoleapplication2\consoleapplication2\debug\main.obj
c:\users\bkooi\google drive\osu\cs162\visual_studio\consoleapplication2\consoleapplication2\debug\product.obj
c:\users\bkooi\google drive\osu\cs162\visual_studio\consoleapplication2\consoleapplication2\debug\readmatrix.obj
c:\users\bkooi\google drive\osu\cs162\visual_studio\consoleapplication2\consoleapplication2\debug\usermenu.obj
c:\users\bkooi\google drive\osu\cs162\visual_studio\consoleapplication2\consoleapplication2\debug\testq17.obj
c:\users\bkooi\google drive\osu\cs162\visual_studio\consoleapplication2\consoleapplication2\debug\die.obj
c:\users\bkooi\google drive\osu\cs162\visual_studio\consoleapplication2\consoleapplication2\debug\game.obj
c:\users\bkooi\google drive\osu\cs162\visual_studio\consoleapplication2\consoleapplication2\debug\loadeddie.obj
c:\users\bkooi\google drive\osu\cs162\visual_studio\consoleapplication2\consoleapplication2\debug\main_die.obj
c:\users\bkooi\google drive\osu\cs162\visual_studio\consoleapplication2\consoleapplication2\debug\board.obj
c:\users\bkooi\google drive\osu\cs162\visual_studio\consoleapplication2\debug\consoleapplication2.pdb
c:\users\bkooi\google drive\osu\cs162\visual_studio\consoleapplication2\consoleapplication2\debug\consolea.258926a9.tlog\cl.command.1.tlog
c:\users\bkooi\google drive\osu\cs162\visual_studio\consoleapplication2\consoleapplication2\debug\consolea.258926a9.tlog\cl.read.1.tlog
c:\users\bkooi\google drive\osu\cs162\visual_studio\consoleapplication2\consoleapplication2\debug\consolea.258926a9.tlog\cl.write.1.tlog
c:\users\bkooi\google drive\osu\cs162\visual_studio\consoleapplication2\consoleapplication2\debug\consolea.258926a9.tlog\link-cvtres.read.1.tlog
c:\users\bkooi\google drive\osu\cs162\visual_studio\consoleapplication2\consoleapplication2\debug\consolea.258926a9.tlog\link-cvtres.write.1.tlog
c:\users\bkooi\google drive\osu\cs162\visual_studio\consoleapplication2\consoleapplication2\debug\consolea.258926a9.tlog\link-rc.read.1.tlog
c:\users\bkooi\google drive\osu\cs162\visual_studio\consoleapplication2\consoleapplication2\debug\consolea.258926a9.tlog\link-rc.write.1.tlog
c:\users\bkooi\google drive\osu\cs162\visual_studio\consoleapplication2\consoleapplication2\debug\consolea.258926a9.tlog\link.20912-cvtres.read.1.tlog
c:\users\bkooi\google drive\osu\cs162\visual_studio\consoleapplication2\consoleapplication2\debug\consolea.258926a9.tlog\link.20912-cvtres.write.1.tlog
c:\users\bkooi\google drive\osu\cs162\visual_studio\consoleapplication2\consoleapplication2\debug\consolea.258926a9.tlog\link.20912-rc.read.1.tlog
c:\users\bkooi\google drive\osu\cs162\visual_studio\consoleapplication2\consoleapplication2\debug\consolea.258926a9.tlog\link.20912-rc.write.1.tlog
c:\users\bkooi\google drive\osu\cs162\visual_studio\consoleapplication2\consoleapplication2\debug\consolea.258926a9.tlog\link.20912.read.1.tlog
c:\users\bkooi\google drive\osu\cs162\visual_studio\consoleapplication2\consoleapplication2\debug\consolea.258926a9.tlog\link.20912.write.1.tlog
c:\users\bkooi\google drive\osu\cs162\visual_studio\consoleapplication2\consoleapplication2\debug\consolea.258926a9.tlog\link.command.1.tlog
c:\users\bkooi\google drive\osu\cs162\visual_studio\consoleapplication2\consoleapplication2\debug\consolea.258926a9.tlog\link.read.1.tlog
c:\users\bkooi\google drive\osu\cs162\visual_studio\consoleapplication2\consoleapplication2\debug\consolea.258926a9.tlog\link.write.1.tlog
