  batmanGame.cpp
  WayneManner.cpp
  WayneEnterprise.cpp
  Warehouse.cpp
  UtilityBelt.cpp
  Space.cpp
  Scarecrow.cpp
  Riddler.cpp
  RasAlGhul.cpp
  PoisonIvy.cpp
  LeagueOfShadows.cpp
  IvyLair.cpp
  Item.cpp
  Creature.cpp
  Batman.cpp
  BatCave.cpp
  ArkhamAsylum.cpp
  Generating Code...
  Skipping... (no relevant changes detected)
  inputVerification.cpp
  FinalProject.vcxproj -> C:\Users\bkooi\Google Drive\OSU\OSU_BSCS\CS162\Visual_Studio\FinalProject\Debug\FinalProject.exe
  FinalProject.vcxproj -> C:\Users\bkooi\Google Drive\OSU\OSU_BSCS\CS162\Visual_Studio\FinalProject\Debug\FinalProject.pdb (Partial PDB)
