c:\users\bkooi\google drive\osu\osu_bscs\cs162\visual_studio\finalproject\finalproject\debug\vc140.pdb
c:\users\bkooi\google drive\osu\osu_bscs\cs162\visual_studio\finalproject\finalproject\debug\vc140.idb
c:\users\bkooi\google drive\osu\osu_bscs\cs162\visual_studio\finalproject\finalproject\debug\arkhamasylum.obj
c:\users\bkooi\google drive\osu\osu_bscs\cs162\visual_studio\finalproject\finalproject\debug\batcave.obj
c:\users\bkooi\google drive\osu\osu_bscs\cs162\visual_studio\finalproject\finalproject\debug\batman.obj
c:\users\bkooi\google drive\osu\osu_bscs\cs162\visual_studio\finalproject\finalproject\debug\creature.obj
c:\users\bkooi\google drive\osu\osu_bscs\cs162\visual_studio\finalproject\finalproject\debug\rasalghul.obj
c:\users\bkooi\google drive\osu\osu_bscs\cs162\visual_studio\finalproject\finalproject\debug\inputverification.obj
c:\users\bkooi\google drive\osu\osu_bscs\cs162\visual_studio\finalproject\finalproject\debug\item.obj
c:\users\bkooi\google drive\osu\osu_bscs\cs162\visual_studio\finalproject\finalproject\debug\ivylair.obj
c:\users\bkooi\google drive\osu\osu_bscs\cs162\visual_studio\finalproject\finalproject\debug\leagueofshadows.obj
c:\users\bkooi\google drive\osu\osu_bscs\cs162\visual_studio\finalproject\finalproject\debug\poisonivy.obj
c:\users\bkooi\google drive\osu\osu_bscs\cs162\visual_studio\finalproject\finalproject\debug\scarecrow.obj
c:\users\bkooi\google drive\osu\osu_bscs\cs162\visual_studio\finalproject\finalproject\debug\space.obj
c:\users\bkooi\google drive\osu\osu_bscs\cs162\visual_studio\finalproject\finalproject\debug\usermenu.obj
c:\users\bkooi\google drive\osu\osu_bscs\cs162\visual_studio\finalproject\finalproject\debug\utilitybelt.obj
c:\users\bkooi\google drive\osu\osu_bscs\cs162\visual_studio\finalproject\finalproject\debug\riddler.obj
c:\users\bkooi\google drive\osu\osu_bscs\cs162\visual_studio\finalproject\finalproject\debug\warehouse.obj
c:\users\bkooi\google drive\osu\osu_bscs\cs162\visual_studio\finalproject\finalproject\debug\combatgame.obj
c:\users\bkooi\google drive\osu\osu_bscs\cs162\visual_studio\finalproject\finalproject\debug\waynemanner.obj
c:\users\bkooi\google drive\osu\osu_bscs\cs162\visual_studio\finalproject\debug\finalproject.ilk
c:\users\bkooi\google drive\osu\osu_bscs\cs162\visual_studio\finalproject\debug\finalproject.exe
c:\users\bkooi\google drive\osu\osu_bscs\cs162\visual_studio\finalproject\debug\finalproject.pdb
c:\users\bkooi\google drive\osu\osu_bscs\cs162\visual_studio\finalproject\finalproject\debug\finalproject.tlog\cl.command.1.tlog
c:\users\bkooi\google drive\osu\osu_bscs\cs162\visual_studio\finalproject\finalproject\debug\finalproject.tlog\cl.read.1.tlog
c:\users\bkooi\google drive\osu\osu_bscs\cs162\visual_studio\finalproject\finalproject\debug\finalproject.tlog\cl.write.1.tlog
c:\users\bkooi\google drive\osu\osu_bscs\cs162\visual_studio\finalproject\finalproject\debug\finalproject.tlog\link.command.1.tlog
c:\users\bkooi\google drive\osu\osu_bscs\cs162\visual_studio\finalproject\finalproject\debug\finalproject.tlog\link.read.1.tlog
c:\users\bkooi\google drive\osu\osu_bscs\cs162\visual_studio\finalproject\finalproject\debug\finalproject.tlog\link.write.1.tlog
