c:\users\bkooi\google drive\osu\osu_bscs\cs162\visual_studio\lab4\lab4\debug\vc140.pdb
c:\users\bkooi\google drive\osu\osu_bscs\cs162\visual_studio\lab4\lab4\debug\vc140.idb
c:\users\bkooi\google drive\osu\osu_bscs\cs162\visual_studio\lab4\lab4\debug\building.obj
c:\users\bkooi\google drive\osu\osu_bscs\cs162\visual_studio\lab4\lab4\debug\inputverification.obj
c:\users\bkooi\google drive\osu\osu_bscs\cs162\visual_studio\lab4\lab4\debug\instructor.obj
c:\users\bkooi\google drive\osu\osu_bscs\cs162\visual_studio\lab4\lab4\debug\lab4.obj
c:\users\bkooi\google drive\osu\osu_bscs\cs162\visual_studio\lab4\lab4\debug\people.obj
c:\users\bkooi\google drive\osu\osu_bscs\cs162\visual_studio\lab4\lab4\debug\student.obj
c:\users\bkooi\google drive\osu\osu_bscs\cs162\visual_studio\lab4\lab4\debug\university.obj
c:\users\bkooi\google drive\osu\osu_bscs\cs162\visual_studio\lab4\lab4\debug\usermenu.obj
c:\users\bkooi\google drive\osu\osu_bscs\cs162\visual_studio\lab4\debug\lab4.ilk
c:\users\bkooi\google drive\osu\osu_bscs\cs162\visual_studio\lab4\debug\lab4.exe
c:\users\bkooi\google drive\osu\osu_bscs\cs162\visual_studio\lab4\debug\lab4.pdb
c:\users\bkooi\google drive\osu\osu_bscs\cs162\visual_studio\lab4\lab4\debug\inputverification.obj.enc
c:\users\bkooi\google drive\osu\osu_bscs\cs162\visual_studio\lab4\lab4\debug\university.obj.enc
c:\users\bkooi\google drive\osu\osu_bscs\cs162\visual_studio\lab4\lab4\debug\lab4.tlog\cl.command.1.tlog
c:\users\bkooi\google drive\osu\osu_bscs\cs162\visual_studio\lab4\lab4\debug\lab4.tlog\cl.read.1.tlog
c:\users\bkooi\google drive\osu\osu_bscs\cs162\visual_studio\lab4\lab4\debug\lab4.tlog\cl.write.1.tlog
c:\users\bkooi\google drive\osu\osu_bscs\cs162\visual_studio\lab4\lab4\debug\lab4.tlog\link.command.1.tlog
c:\users\bkooi\google drive\osu\osu_bscs\cs162\visual_studio\lab4\lab4\debug\lab4.tlog\link.read.1.tlog
c:\users\bkooi\google drive\osu\osu_bscs\cs162\visual_studio\lab4\lab4\debug\lab4.tlog\link.write.1.tlog
